Determining if the pthread_create exist failed with the following output:
Change Dir: /home/anders/Projects/chess_ann/cmake-build-debug/CMakeFiles/CMakeTmp

Run Build Command:"/usr/bin/make" "cmTC_d1556/fast"
/usr/bin/make -f CMakeFiles/cmTC_d1556.dir/build.make CMakeFiles/cmTC_d1556.dir/build
make[1]: Entering directory '/home/anders/Projects/chess_ann/cmake-build-debug/CMakeFiles/CMakeTmp'
Building C object CMakeFiles/cmTC_d1556.dir/CheckSymbolExists.c.o
/usr/bin/cc     -o CMakeFiles/cmTC_d1556.dir/CheckSymbolExists.c.o   -c /home/anders/Projects/chess_ann/cmake-build-debug/CMakeFiles/CMakeTmp/CheckSymbolExists.c
Linking C executable cmTC_d1556
/opt/clion/bin/cmake/bin/cmake -E cmake_link_script CMakeFiles/cmTC_d1556.dir/link.txt --verbose=1
/usr/bin/cc       CMakeFiles/cmTC_d1556.dir/CheckSymbolExists.c.o  -o cmTC_d1556 -rdynamic 
CMakeFiles/cmTC_d1556.dir/CheckSymbolExists.c.o: In function `main':
CheckSymbolExists.c:(.text+0x16): undefined reference to `pthread_create'
collect2: error: ld returned 1 exit status
make[1]: *** [CMakeFiles/cmTC_d1556.dir/build.make:98: cmTC_d1556] Error 1
make[1]: Leaving directory '/home/anders/Projects/chess_ann/cmake-build-debug/CMakeFiles/CMakeTmp'
make: *** [Makefile:126: cmTC_d1556/fast] Error 2

File /home/anders/Projects/chess_ann/cmake-build-debug/CMakeFiles/CMakeTmp/CheckSymbolExists.c:
/* */
#include <pthread.h>

int main(int argc, char** argv)
{
  (void)argv;
#ifndef pthread_create
  return ((int*)(&pthread_create))[argc];
#else
  (void)argc;
  return 0;
#endif
}

Determining if the function pthread_create exists in the pthreads failed with the following output:
Change Dir: /home/anders/Projects/chess_ann/cmake-build-debug/CMakeFiles/CMakeTmp

Run Build Command:"/usr/bin/make" "cmTC_71c80/fast"
/usr/bin/make -f CMakeFiles/cmTC_71c80.dir/build.make CMakeFiles/cmTC_71c80.dir/build
make[1]: Entering directory '/home/anders/Projects/chess_ann/cmake-build-debug/CMakeFiles/CMakeTmp'
Building C object CMakeFiles/cmTC_71c80.dir/CheckFunctionExists.c.o
/usr/bin/cc    -DCHECK_FUNCTION_EXISTS=pthread_create   -o CMakeFiles/cmTC_71c80.dir/CheckFunctionExists.c.o   -c /opt/clion/bin/cmake/share/cmake-3.7/Modules/CheckFunctionExists.c
Linking C executable cmTC_71c80
/opt/clion/bin/cmake/bin/cmake -E cmake_link_script CMakeFiles/cmTC_71c80.dir/link.txt --verbose=1
/usr/bin/cc   -DCHECK_FUNCTION_EXISTS=pthread_create    CMakeFiles/cmTC_71c80.dir/CheckFunctionExists.c.o  -o cmTC_71c80 -rdynamic -lpthreads 
/usr/bin/ld: cannot find -lpthreads
collect2: error: ld returned 1 exit status
make[1]: *** [CMakeFiles/cmTC_71c80.dir/build.make:98: cmTC_71c80] Error 1
make[1]: Leaving directory '/home/anders/Projects/chess_ann/cmake-build-debug/CMakeFiles/CMakeTmp'
make: *** [Makefile:126: cmTC_71c80/fast] Error 2


Performing C++ SOURCE FILE Test HAVE_CXX_FLAG_WSHORTEN_64_TO_32 failed with the following output:
Change Dir: /home/anders/Projects/chess_ann/cmake-build-debug/CMakeFiles/CMakeTmp

Run Build Command:"/usr/bin/make" "cmTC_edb4c/fast"
/usr/bin/make -f CMakeFiles/cmTC_edb4c.dir/build.make CMakeFiles/cmTC_edb4c.dir/build
make[1]: Entering directory '/home/anders/Projects/chess_ann/cmake-build-debug/CMakeFiles/CMakeTmp'
Building CXX object CMakeFiles/cmTC_edb4c.dir/src.cxx.o
/usr/bin/c++     -std=c++11 -Wall -Wextra -Wshadow -pedantic -pedantic-errors -DHAVE_CXX_FLAG_WSHORTEN_64_TO_32  -Wshorten-64-to-32   -Wshorten-64-to-32 -o CMakeFiles/cmTC_edb4c.dir/src.cxx.o -c /home/anders/Projects/chess_ann/cmake-build-debug/CMakeFiles/CMakeTmp/src.cxx
c++: error: unrecognized command line option '-Wshorten-64-to-32'
c++: error: unrecognized command line option '-Wshorten-64-to-32'
make[1]: *** [CMakeFiles/cmTC_edb4c.dir/build.make:66: CMakeFiles/cmTC_edb4c.dir/src.cxx.o] Error 1
make[1]: Leaving directory '/home/anders/Projects/chess_ann/cmake-build-debug/CMakeFiles/CMakeTmp'
make: *** [Makefile:126: cmTC_edb4c/fast] Error 2

Source file was:
int main() { return 0; }
Performing C++ SOURCE FILE Test HAVE_CXX_FLAG_WD654 failed with the following output:
Change Dir: /home/anders/Projects/chess_ann/cmake-build-debug/CMakeFiles/CMakeTmp

Run Build Command:"/usr/bin/make" "cmTC_6c4fe/fast"
/usr/bin/make -f CMakeFiles/cmTC_6c4fe.dir/build.make CMakeFiles/cmTC_6c4fe.dir/build
make[1]: Entering directory '/home/anders/Projects/chess_ann/cmake-build-debug/CMakeFiles/CMakeTmp'
Building CXX object CMakeFiles/cmTC_6c4fe.dir/src.cxx.o
/usr/bin/c++     -std=c++11 -Wall -Wextra -Wshadow -pedantic -pedantic-errors -Wfloat-equal -fstrict-aliasing -Wzero-as-null-pointer-constant -Wstrict-aliasing -DHAVE_CXX_FLAG_WD654  -wd654   -wd654 -o CMakeFiles/cmTC_6c4fe.dir/src.cxx.o -c /home/anders/Projects/chess_ann/cmake-build-debug/CMakeFiles/CMakeTmp/src.cxx
c++: error: unrecognized command line option '-wd654'
c++: error: unrecognized command line option '-wd654'
make[1]: *** [CMakeFiles/cmTC_6c4fe.dir/build.make:66: CMakeFiles/cmTC_6c4fe.dir/src.cxx.o] Error 1
make[1]: Leaving directory '/home/anders/Projects/chess_ann/cmake-build-debug/CMakeFiles/CMakeTmp'
make: *** [Makefile:126: cmTC_6c4fe/fast] Error 2

Source file was:
int main() { return 0; }
Performing C++ SOURCE FILE Test HAVE_CXX_FLAG_WTHREAD_SAFETY failed with the following output:
Change Dir: /home/anders/Projects/chess_ann/cmake-build-debug/CMakeFiles/CMakeTmp

Run Build Command:"/usr/bin/make" "cmTC_c8073/fast"
/usr/bin/make -f CMakeFiles/cmTC_c8073.dir/build.make CMakeFiles/cmTC_c8073.dir/build
make[1]: Entering directory '/home/anders/Projects/chess_ann/cmake-build-debug/CMakeFiles/CMakeTmp'
Building CXX object CMakeFiles/cmTC_c8073.dir/src.cxx.o
/usr/bin/c++     -std=c++11 -Wall -Wextra -Wshadow -pedantic -pedantic-errors -Wfloat-equal -fstrict-aliasing -Wzero-as-null-pointer-constant -Wstrict-aliasing -DHAVE_CXX_FLAG_WTHREAD_SAFETY  -Wthread-safety   -Wthread-safety -o CMakeFiles/cmTC_c8073.dir/src.cxx.o -c /home/anders/Projects/chess_ann/cmake-build-debug/CMakeFiles/CMakeTmp/src.cxx
c++: error: unrecognized command line option '-Wthread-safety'; did you mean '-fthread-jumps'?
c++: error: unrecognized command line option '-Wthread-safety'; did you mean '-fthread-jumps'?
make[1]: *** [CMakeFiles/cmTC_c8073.dir/build.make:66: CMakeFiles/cmTC_c8073.dir/src.cxx.o] Error 1
make[1]: Leaving directory '/home/anders/Projects/chess_ann/cmake-build-debug/CMakeFiles/CMakeTmp'
make: *** [Makefile:126: cmTC_c8073/fast] Error 2

Source file was:
int main() { return 0; }
