The system is: Linux - 4.9.11-1-ARCH - x86_64
Compiling the CXX compiler identification source file "CMakeCXXCompilerId.cpp" succeeded.
Compiler: /usr/bin/c++ 
Build flags: 
Id flags: 

The output was:
0


Compilation of the CXX compiler identification source "CMakeCXXCompilerId.cpp" produced "a.out"

The CXX compiler identification is GNU, found in "/home/anders/Projects/chess_ann/cmake/build/CMakeFiles/3.7.2/CompilerIdCXX/a.out"

Determining if the CXX compiler works passed with the following output:
Change Dir: /home/anders/Projects/chess_ann/cmake/build/CMakeFiles/CMakeTmp

Run Build Command:"/usr/bin/make" "cmTC_b2aed/fast"
/usr/bin/make -f CMakeFiles/cmTC_b2aed.dir/build.make CMakeFiles/cmTC_b2aed.dir/build
make[1]: Entering directory '/home/anders/Projects/chess_ann/cmake/build/CMakeFiles/CMakeTmp'
Building CXX object CMakeFiles/cmTC_b2aed.dir/testCXXCompiler.cxx.o
/usr/bin/c++      -o CMakeFiles/cmTC_b2aed.dir/testCXXCompiler.cxx.o -c /home/anders/Projects/chess_ann/cmake/build/CMakeFiles/CMakeTmp/testCXXCompiler.cxx
Linking CXX executable cmTC_b2aed
/usr/bin/cmake -E cmake_link_script CMakeFiles/cmTC_b2aed.dir/link.txt --verbose=1
/usr/bin/c++        CMakeFiles/cmTC_b2aed.dir/testCXXCompiler.cxx.o  -o cmTC_b2aed 
make[1]: Leaving directory '/home/anders/Projects/chess_ann/cmake/build/CMakeFiles/CMakeTmp'


Detecting CXX compiler ABI info compiled with the following output:
Change Dir: /home/anders/Projects/chess_ann/cmake/build/CMakeFiles/CMakeTmp

Run Build Command:"/usr/bin/make" "cmTC_7bc85/fast"
/usr/bin/make -f CMakeFiles/cmTC_7bc85.dir/build.make CMakeFiles/cmTC_7bc85.dir/build
make[1]: Entering directory '/home/anders/Projects/chess_ann/cmake/build/CMakeFiles/CMakeTmp'
Building CXX object CMakeFiles/cmTC_7bc85.dir/CMakeCXXCompilerABI.cpp.o
/usr/bin/c++      -o CMakeFiles/cmTC_7bc85.dir/CMakeCXXCompilerABI.cpp.o -c /usr/share/cmake-3.7/Modules/CMakeCXXCompilerABI.cpp
Linking CXX executable cmTC_7bc85
/usr/bin/cmake -E cmake_link_script CMakeFiles/cmTC_7bc85.dir/link.txt --verbose=1
/usr/bin/c++       -v CMakeFiles/cmTC_7bc85.dir/CMakeCXXCompilerABI.cpp.o  -o cmTC_7bc85  
Using built-in specs.
COLLECT_GCC=/usr/bin/c++
COLLECT_LTO_WRAPPER=/usr/lib/gcc/x86_64-pc-linux-gnu/6.3.1/lto-wrapper
Target: x86_64-pc-linux-gnu
Configured with: /build/gcc/src/gcc/configure --prefix=/usr --libdir=/usr/lib --libexecdir=/usr/lib --mandir=/usr/share/man --infodir=/usr/share/info --with-bugurl=https://bugs.archlinux.org/ --enable-languages=c,c++,ada,fortran,go,lto,objc,obj-c++ --enable-shared --enable-threads=posix --enable-libmpx --with-system-zlib --with-isl --enable-__cxa_atexit --disable-libunwind-exceptions --enable-clocale=gnu --disable-libstdcxx-pch --disable-libssp --enable-gnu-unique-object --enable-linker-build-id --enable-lto --enable-plugin --enable-install-libiberty --with-linker-hash-style=gnu --enable-gnu-indirect-function --disable-multilib --disable-werror --enable-checking=release
Thread model: posix
gcc version 6.3.1 20170109 (GCC) 
COMPILER_PATH=/usr/lib/gcc/x86_64-pc-linux-gnu/6.3.1/:/usr/lib/gcc/x86_64-pc-linux-gnu/6.3.1/:/usr/lib/gcc/x86_64-pc-linux-gnu/:/usr/lib/gcc/x86_64-pc-linux-gnu/6.3.1/:/usr/lib/gcc/x86_64-pc-linux-gnu/
LIBRARY_PATH=/usr/lib/gcc/x86_64-pc-linux-gnu/6.3.1/:/usr/lib/gcc/x86_64-pc-linux-gnu/6.3.1/../../../../lib/:/lib/../lib/:/usr/lib/../lib/:/usr/lib/gcc/x86_64-pc-linux-gnu/6.3.1/../../../:/lib/:/usr/lib/
COLLECT_GCC_OPTIONS='-v' '-o' 'cmTC_7bc85' '-shared-libgcc' '-mtune=generic' '-march=x86-64'
 /usr/lib/gcc/x86_64-pc-linux-gnu/6.3.1/collect2 -plugin /usr/lib/gcc/x86_64-pc-linux-gnu/6.3.1/liblto_plugin.so -plugin-opt=/usr/lib/gcc/x86_64-pc-linux-gnu/6.3.1/lto-wrapper -plugin-opt=-fresolution=/tmp/cc5FHrgW.res -plugin-opt=-pass-through=-lgcc_s -plugin-opt=-pass-through=-lgcc -plugin-opt=-pass-through=-lc -plugin-opt=-pass-through=-lgcc_s -plugin-opt=-pass-through=-lgcc --build-id --eh-frame-hdr --hash-style=gnu -m elf_x86_64 -dynamic-linker /lib64/ld-linux-x86-64.so.2 -o cmTC_7bc85 /usr/lib/gcc/x86_64-pc-linux-gnu/6.3.1/../../../../lib/crt1.o /usr/lib/gcc/x86_64-pc-linux-gnu/6.3.1/../../../../lib/crti.o /usr/lib/gcc/x86_64-pc-linux-gnu/6.3.1/crtbegin.o -L/usr/lib/gcc/x86_64-pc-linux-gnu/6.3.1 -L/usr/lib/gcc/x86_64-pc-linux-gnu/6.3.1/../../../../lib -L/lib/../lib -L/usr/lib/../lib -L/usr/lib/gcc/x86_64-pc-linux-gnu/6.3.1/../../.. CMakeFiles/cmTC_7bc85.dir/CMakeCXXCompilerABI.cpp.o -lstdc++ -lm -lgcc_s -lgcc -lc -lgcc_s -lgcc /usr/lib/gcc/x86_64-pc-linux-gnu/6.3.1/crtend.o /usr/lib/gcc/x86_64-pc-linux-gnu/6.3.1/../../../../lib/crtn.o
COLLECT_GCC_OPTIONS='-v' '-o' 'cmTC_7bc85' '-shared-libgcc' '-mtune=generic' '-march=x86-64'
make[1]: Leaving directory '/home/anders/Projects/chess_ann/cmake/build/CMakeFiles/CMakeTmp'


Parsed CXX implicit link information from above output:
  link line regex: [^( *|.*[/\])(ld|([^/\]+-)?ld|collect2)[^/\]*( |$)]
  ignore line: [Change Dir: /home/anders/Projects/chess_ann/cmake/build/CMakeFiles/CMakeTmp]
  ignore line: []
  ignore line: [Run Build Command:"/usr/bin/make" "cmTC_7bc85/fast"]
  ignore line: [/usr/bin/make -f CMakeFiles/cmTC_7bc85.dir/build.make CMakeFiles/cmTC_7bc85.dir/build]
  ignore line: [make[1]: Entering directory '/home/anders/Projects/chess_ann/cmake/build/CMakeFiles/CMakeTmp']
  ignore line: [Building CXX object CMakeFiles/cmTC_7bc85.dir/CMakeCXXCompilerABI.cpp.o]
  ignore line: [/usr/bin/c++      -o CMakeFiles/cmTC_7bc85.dir/CMakeCXXCompilerABI.cpp.o -c /usr/share/cmake-3.7/Modules/CMakeCXXCompilerABI.cpp]
  ignore line: [Linking CXX executable cmTC_7bc85]
  ignore line: [/usr/bin/cmake -E cmake_link_script CMakeFiles/cmTC_7bc85.dir/link.txt --verbose=1]
  ignore line: [/usr/bin/c++       -v CMakeFiles/cmTC_7bc85.dir/CMakeCXXCompilerABI.cpp.o  -o cmTC_7bc85  ]
  ignore line: [Using built-in specs.]
  ignore line: [COLLECT_GCC=/usr/bin/c++]
  ignore line: [COLLECT_LTO_WRAPPER=/usr/lib/gcc/x86_64-pc-linux-gnu/6.3.1/lto-wrapper]
  ignore line: [Target: x86_64-pc-linux-gnu]
  ignore line: [Configured with: /build/gcc/src/gcc/configure --prefix=/usr --libdir=/usr/lib --libexecdir=/usr/lib --mandir=/usr/share/man --infodir=/usr/share/info --with-bugurl=https://bugs.archlinux.org/ --enable-languages=c,c++,ada,fortran,go,lto,objc,obj-c++ --enable-shared --enable-threads=posix --enable-libmpx --with-system-zlib --with-isl --enable-__cxa_atexit --disable-libunwind-exceptions --enable-clocale=gnu --disable-libstdcxx-pch --disable-libssp --enable-gnu-unique-object --enable-linker-build-id --enable-lto --enable-plugin --enable-install-libiberty --with-linker-hash-style=gnu --enable-gnu-indirect-function --disable-multilib --disable-werror --enable-checking=release]
  ignore line: [Thread model: posix]
  ignore line: [gcc version 6.3.1 20170109 (GCC) ]
  ignore line: [COMPILER_PATH=/usr/lib/gcc/x86_64-pc-linux-gnu/6.3.1/:/usr/lib/gcc/x86_64-pc-linux-gnu/6.3.1/:/usr/lib/gcc/x86_64-pc-linux-gnu/:/usr/lib/gcc/x86_64-pc-linux-gnu/6.3.1/:/usr/lib/gcc/x86_64-pc-linux-gnu/]
  ignore line: [LIBRARY_PATH=/usr/lib/gcc/x86_64-pc-linux-gnu/6.3.1/:/usr/lib/gcc/x86_64-pc-linux-gnu/6.3.1/../../../../lib/:/lib/../lib/:/usr/lib/../lib/:/usr/lib/gcc/x86_64-pc-linux-gnu/6.3.1/../../../:/lib/:/usr/lib/]
  ignore line: [COLLECT_GCC_OPTIONS='-v' '-o' 'cmTC_7bc85' '-shared-libgcc' '-mtune=generic' '-march=x86-64']
  link line: [ /usr/lib/gcc/x86_64-pc-linux-gnu/6.3.1/collect2 -plugin /usr/lib/gcc/x86_64-pc-linux-gnu/6.3.1/liblto_plugin.so -plugin-opt=/usr/lib/gcc/x86_64-pc-linux-gnu/6.3.1/lto-wrapper -plugin-opt=-fresolution=/tmp/cc5FHrgW.res -plugin-opt=-pass-through=-lgcc_s -plugin-opt=-pass-through=-lgcc -plugin-opt=-pass-through=-lc -plugin-opt=-pass-through=-lgcc_s -plugin-opt=-pass-through=-lgcc --build-id --eh-frame-hdr --hash-style=gnu -m elf_x86_64 -dynamic-linker /lib64/ld-linux-x86-64.so.2 -o cmTC_7bc85 /usr/lib/gcc/x86_64-pc-linux-gnu/6.3.1/../../../../lib/crt1.o /usr/lib/gcc/x86_64-pc-linux-gnu/6.3.1/../../../../lib/crti.o /usr/lib/gcc/x86_64-pc-linux-gnu/6.3.1/crtbegin.o -L/usr/lib/gcc/x86_64-pc-linux-gnu/6.3.1 -L/usr/lib/gcc/x86_64-pc-linux-gnu/6.3.1/../../../../lib -L/lib/../lib -L/usr/lib/../lib -L/usr/lib/gcc/x86_64-pc-linux-gnu/6.3.1/../../.. CMakeFiles/cmTC_7bc85.dir/CMakeCXXCompilerABI.cpp.o -lstdc++ -lm -lgcc_s -lgcc -lc -lgcc_s -lgcc /usr/lib/gcc/x86_64-pc-linux-gnu/6.3.1/crtend.o /usr/lib/gcc/x86_64-pc-linux-gnu/6.3.1/../../../../lib/crtn.o]
    arg [/usr/lib/gcc/x86_64-pc-linux-gnu/6.3.1/collect2] ==> ignore
    arg [-plugin] ==> ignore
    arg [/usr/lib/gcc/x86_64-pc-linux-gnu/6.3.1/liblto_plugin.so] ==> ignore
    arg [-plugin-opt=/usr/lib/gcc/x86_64-pc-linux-gnu/6.3.1/lto-wrapper] ==> ignore
    arg [-plugin-opt=-fresolution=/tmp/cc5FHrgW.res] ==> ignore
    arg [-plugin-opt=-pass-through=-lgcc_s] ==> ignore
    arg [-plugin-opt=-pass-through=-lgcc] ==> ignore
    arg [-plugin-opt=-pass-through=-lc] ==> ignore
    arg [-plugin-opt=-pass-through=-lgcc_s] ==> ignore
    arg [-plugin-opt=-pass-through=-lgcc] ==> ignore
    arg [--build-id] ==> ignore
    arg [--eh-frame-hdr] ==> ignore
    arg [--hash-style=gnu] ==> ignore
    arg [-m] ==> ignore
    arg [elf_x86_64] ==> ignore
    arg [-dynamic-linker] ==> ignore
    arg [/lib64/ld-linux-x86-64.so.2] ==> ignore
    arg [-o] ==> ignore
    arg [cmTC_7bc85] ==> ignore
    arg [/usr/lib/gcc/x86_64-pc-linux-gnu/6.3.1/../../../../lib/crt1.o] ==> ignore
    arg [/usr/lib/gcc/x86_64-pc-linux-gnu/6.3.1/../../../../lib/crti.o] ==> ignore
    arg [/usr/lib/gcc/x86_64-pc-linux-gnu/6.3.1/crtbegin.o] ==> ignore
    arg [-L/usr/lib/gcc/x86_64-pc-linux-gnu/6.3.1] ==> dir [/usr/lib/gcc/x86_64-pc-linux-gnu/6.3.1]
    arg [-L/usr/lib/gcc/x86_64-pc-linux-gnu/6.3.1/../../../../lib] ==> dir [/usr/lib/gcc/x86_64-pc-linux-gnu/6.3.1/../../../../lib]
    arg [-L/lib/../lib] ==> dir [/lib/../lib]
    arg [-L/usr/lib/../lib] ==> dir [/usr/lib/../lib]
    arg [-L/usr/lib/gcc/x86_64-pc-linux-gnu/6.3.1/../../..] ==> dir [/usr/lib/gcc/x86_64-pc-linux-gnu/6.3.1/../../..]
    arg [CMakeFiles/cmTC_7bc85.dir/CMakeCXXCompilerABI.cpp.o] ==> ignore
    arg [-lstdc++] ==> lib [stdc++]
    arg [-lm] ==> lib [m]
    arg [-lgcc_s] ==> lib [gcc_s]
    arg [-lgcc] ==> lib [gcc]
    arg [-lc] ==> lib [c]
    arg [-lgcc_s] ==> lib [gcc_s]
    arg [-lgcc] ==> lib [gcc]
    arg [/usr/lib/gcc/x86_64-pc-linux-gnu/6.3.1/crtend.o] ==> ignore
    arg [/usr/lib/gcc/x86_64-pc-linux-gnu/6.3.1/../../../../lib/crtn.o] ==> ignore
  remove lib [gcc_s]
  remove lib [gcc]
  remove lib [gcc_s]
  remove lib [gcc]
  collapse library dir [/usr/lib/gcc/x86_64-pc-linux-gnu/6.3.1] ==> [/usr/lib/gcc/x86_64-pc-linux-gnu/6.3.1]
  collapse library dir [/usr/lib/gcc/x86_64-pc-linux-gnu/6.3.1/../../../../lib] ==> [/usr/lib]
  collapse library dir [/lib/../lib] ==> [/lib]
  collapse library dir [/usr/lib/../lib] ==> [/usr/lib]
  collapse library dir [/usr/lib/gcc/x86_64-pc-linux-gnu/6.3.1/../../..] ==> [/usr/lib]
  implicit libs: [stdc++;m;c]
  implicit dirs: [/usr/lib/gcc/x86_64-pc-linux-gnu/6.3.1;/usr/lib;/lib]
  implicit fwks: []




Detecting CXX [-std=c++14] compiler features compiled with the following output:
Change Dir: /home/anders/Projects/chess_ann/cmake/build/CMakeFiles/CMakeTmp

Run Build Command:"/usr/bin/make" "cmTC_8216f/fast"
/usr/bin/make -f CMakeFiles/cmTC_8216f.dir/build.make CMakeFiles/cmTC_8216f.dir/build
make[1]: Entering directory '/home/anders/Projects/chess_ann/cmake/build/CMakeFiles/CMakeTmp'
Building CXX object CMakeFiles/cmTC_8216f.dir/feature_tests.cxx.o
/usr/bin/c++     -std=c++14 -o CMakeFiles/cmTC_8216f.dir/feature_tests.cxx.o -c /home/anders/Projects/chess_ann/cmake/build/CMakeFiles/feature_tests.cxx
Linking CXX executable cmTC_8216f
/usr/bin/cmake -E cmake_link_script CMakeFiles/cmTC_8216f.dir/link.txt --verbose=1
/usr/bin/c++        CMakeFiles/cmTC_8216f.dir/feature_tests.cxx.o  -o cmTC_8216f 
make[1]: Leaving directory '/home/anders/Projects/chess_ann/cmake/build/CMakeFiles/CMakeTmp'


    Feature record: CXX_FEATURE:1cxx_aggregate_default_initializers
    Feature record: CXX_FEATURE:1cxx_alias_templates
    Feature record: CXX_FEATURE:1cxx_alignas
    Feature record: CXX_FEATURE:1cxx_alignof
    Feature record: CXX_FEATURE:1cxx_attributes
    Feature record: CXX_FEATURE:1cxx_attribute_deprecated
    Feature record: CXX_FEATURE:1cxx_auto_type
    Feature record: CXX_FEATURE:1cxx_binary_literals
    Feature record: CXX_FEATURE:1cxx_constexpr
    Feature record: CXX_FEATURE:1cxx_contextual_conversions
    Feature record: CXX_FEATURE:1cxx_decltype
    Feature record: CXX_FEATURE:1cxx_decltype_auto
    Feature record: CXX_FEATURE:1cxx_decltype_incomplete_return_types
    Feature record: CXX_FEATURE:1cxx_default_function_template_args
    Feature record: CXX_FEATURE:1cxx_defaulted_functions
    Feature record: CXX_FEATURE:1cxx_defaulted_move_initializers
    Feature record: CXX_FEATURE:1cxx_delegating_constructors
    Feature record: CXX_FEATURE:1cxx_deleted_functions
    Feature record: CXX_FEATURE:1cxx_digit_separators
    Feature record: CXX_FEATURE:1cxx_enum_forward_declarations
    Feature record: CXX_FEATURE:1cxx_explicit_conversions
    Feature record: CXX_FEATURE:1cxx_extended_friend_declarations
    Feature record: CXX_FEATURE:1cxx_extern_templates
    Feature record: CXX_FEATURE:1cxx_final
    Feature record: CXX_FEATURE:1cxx_func_identifier
    Feature record: CXX_FEATURE:1cxx_generalized_initializers
    Feature record: CXX_FEATURE:1cxx_generic_lambdas
    Feature record: CXX_FEATURE:1cxx_inheriting_constructors
    Feature record: CXX_FEATURE:1cxx_inline_namespaces
    Feature record: CXX_FEATURE:1cxx_lambdas
    Feature record: CXX_FEATURE:1cxx_lambda_init_captures
    Feature record: CXX_FEATURE:1cxx_local_type_template_args
    Feature record: CXX_FEATURE:1cxx_long_long_type
    Feature record: CXX_FEATURE:1cxx_noexcept
    Feature record: CXX_FEATURE:1cxx_nonstatic_member_init
    Feature record: CXX_FEATURE:1cxx_nullptr
    Feature record: CXX_FEATURE:1cxx_override
    Feature record: CXX_FEATURE:1cxx_range_for
    Feature record: CXX_FEATURE:1cxx_raw_string_literals
    Feature record: CXX_FEATURE:1cxx_reference_qualified_functions
    Feature record: CXX_FEATURE:1cxx_relaxed_constexpr
    Feature record: CXX_FEATURE:1cxx_return_type_deduction
    Feature record: CXX_FEATURE:1cxx_right_angle_brackets
    Feature record: CXX_FEATURE:1cxx_rvalue_references
    Feature record: CXX_FEATURE:1cxx_sizeof_member
    Feature record: CXX_FEATURE:1cxx_static_assert
    Feature record: CXX_FEATURE:1cxx_strong_enums
    Feature record: CXX_FEATURE:1cxx_template_template_parameters
    Feature record: CXX_FEATURE:1cxx_thread_local
    Feature record: CXX_FEATURE:1cxx_trailing_return_types
    Feature record: CXX_FEATURE:1cxx_unicode_literals
    Feature record: CXX_FEATURE:1cxx_uniform_initialization
    Feature record: CXX_FEATURE:1cxx_unrestricted_unions
    Feature record: CXX_FEATURE:1cxx_user_literals
    Feature record: CXX_FEATURE:1cxx_variable_templates
    Feature record: CXX_FEATURE:1cxx_variadic_macros
    Feature record: CXX_FEATURE:1cxx_variadic_templates


Detecting CXX [-std=c++11] compiler features compiled with the following output:
Change Dir: /home/anders/Projects/chess_ann/cmake/build/CMakeFiles/CMakeTmp

Run Build Command:"/usr/bin/make" "cmTC_36681/fast"
/usr/bin/make -f CMakeFiles/cmTC_36681.dir/build.make CMakeFiles/cmTC_36681.dir/build
make[1]: Entering directory '/home/anders/Projects/chess_ann/cmake/build/CMakeFiles/CMakeTmp'
Building CXX object CMakeFiles/cmTC_36681.dir/feature_tests.cxx.o
/usr/bin/c++     -std=c++11 -o CMakeFiles/cmTC_36681.dir/feature_tests.cxx.o -c /home/anders/Projects/chess_ann/cmake/build/CMakeFiles/feature_tests.cxx
Linking CXX executable cmTC_36681
/usr/bin/cmake -E cmake_link_script CMakeFiles/cmTC_36681.dir/link.txt --verbose=1
/usr/bin/c++        CMakeFiles/cmTC_36681.dir/feature_tests.cxx.o  -o cmTC_36681 
make[1]: Leaving directory '/home/anders/Projects/chess_ann/cmake/build/CMakeFiles/CMakeTmp'


    Feature record: CXX_FEATURE:0cxx_aggregate_default_initializers
    Feature record: CXX_FEATURE:1cxx_alias_templates
    Feature record: CXX_FEATURE:1cxx_alignas
    Feature record: CXX_FEATURE:1cxx_alignof
    Feature record: CXX_FEATURE:1cxx_attributes
    Feature record: CXX_FEATURE:0cxx_attribute_deprecated
    Feature record: CXX_FEATURE:1cxx_auto_type
    Feature record: CXX_FEATURE:0cxx_binary_literals
    Feature record: CXX_FEATURE:1cxx_constexpr
    Feature record: CXX_FEATURE:0cxx_contextual_conversions
    Feature record: CXX_FEATURE:1cxx_decltype
    Feature record: CXX_FEATURE:0cxx_decltype_auto
    Feature record: CXX_FEATURE:1cxx_decltype_incomplete_return_types
    Feature record: CXX_FEATURE:1cxx_default_function_template_args
    Feature record: CXX_FEATURE:1cxx_defaulted_functions
    Feature record: CXX_FEATURE:1cxx_defaulted_move_initializers
    Feature record: CXX_FEATURE:1cxx_delegating_constructors
    Feature record: CXX_FEATURE:1cxx_deleted_functions
    Feature record: CXX_FEATURE:0cxx_digit_separators
    Feature record: CXX_FEATURE:1cxx_enum_forward_declarations
    Feature record: CXX_FEATURE:1cxx_explicit_conversions
    Feature record: CXX_FEATURE:1cxx_extended_friend_declarations
    Feature record: CXX_FEATURE:1cxx_extern_templates
    Feature record: CXX_FEATURE:1cxx_final
    Feature record: CXX_FEATURE:1cxx_func_identifier
    Feature record: CXX_FEATURE:1cxx_generalized_initializers
    Feature record: CXX_FEATURE:0cxx_generic_lambdas
    Feature record: CXX_FEATURE:1cxx_inheriting_constructors
    Feature record: CXX_FEATURE:1cxx_inline_namespaces
    Feature record: CXX_FEATURE:1cxx_lambdas
    Feature record: CXX_FEATURE:0cxx_lambda_init_captures
    Feature record: CXX_FEATURE:1cxx_local_type_template_args
    Feature record: CXX_FEATURE:1cxx_long_long_type
    Feature record: CXX_FEATURE:1cxx_noexcept
    Feature record: CXX_FEATURE:1cxx_nonstatic_member_init
    Feature record: CXX_FEATURE:1cxx_nullptr
    Feature record: CXX_FEATURE:1cxx_override
    Feature record: CXX_FEATURE:1cxx_range_for
    Feature record: CXX_FEATURE:1cxx_raw_string_literals
    Feature record: CXX_FEATURE:1cxx_reference_qualified_functions
    Feature record: CXX_FEATURE:0cxx_relaxed_constexpr
    Feature record: CXX_FEATURE:0cxx_return_type_deduction
    Feature record: CXX_FEATURE:1cxx_right_angle_brackets
    Feature record: CXX_FEATURE:1cxx_rvalue_references
    Feature record: CXX_FEATURE:1cxx_sizeof_member
    Feature record: CXX_FEATURE:1cxx_static_assert
    Feature record: CXX_FEATURE:1cxx_strong_enums
    Feature record: CXX_FEATURE:1cxx_template_template_parameters
    Feature record: CXX_FEATURE:1cxx_thread_local
    Feature record: CXX_FEATURE:1cxx_trailing_return_types
    Feature record: CXX_FEATURE:1cxx_unicode_literals
    Feature record: CXX_FEATURE:1cxx_uniform_initialization
    Feature record: CXX_FEATURE:1cxx_unrestricted_unions
    Feature record: CXX_FEATURE:1cxx_user_literals
    Feature record: CXX_FEATURE:0cxx_variable_templates
    Feature record: CXX_FEATURE:1cxx_variadic_macros
    Feature record: CXX_FEATURE:1cxx_variadic_templates


Detecting CXX [-std=c++98] compiler features compiled with the following output:
Change Dir: /home/anders/Projects/chess_ann/cmake/build/CMakeFiles/CMakeTmp

Run Build Command:"/usr/bin/make" "cmTC_b0e8e/fast"
/usr/bin/make -f CMakeFiles/cmTC_b0e8e.dir/build.make CMakeFiles/cmTC_b0e8e.dir/build
make[1]: Entering directory '/home/anders/Projects/chess_ann/cmake/build/CMakeFiles/CMakeTmp'
Building CXX object CMakeFiles/cmTC_b0e8e.dir/feature_tests.cxx.o
/usr/bin/c++     -std=c++98 -o CMakeFiles/cmTC_b0e8e.dir/feature_tests.cxx.o -c /home/anders/Projects/chess_ann/cmake/build/CMakeFiles/feature_tests.cxx
Linking CXX executable cmTC_b0e8e
/usr/bin/cmake -E cmake_link_script CMakeFiles/cmTC_b0e8e.dir/link.txt --verbose=1
/usr/bin/c++        CMakeFiles/cmTC_b0e8e.dir/feature_tests.cxx.o  -o cmTC_b0e8e 
make[1]: Leaving directory '/home/anders/Projects/chess_ann/cmake/build/CMakeFiles/CMakeTmp'


    Feature record: CXX_FEATURE:0cxx_aggregate_default_initializers
    Feature record: CXX_FEATURE:0cxx_alias_templates
    Feature record: CXX_FEATURE:0cxx_alignas
    Feature record: CXX_FEATURE:0cxx_alignof
    Feature record: CXX_FEATURE:0cxx_attributes
    Feature record: CXX_FEATURE:0cxx_attribute_deprecated
    Feature record: CXX_FEATURE:0cxx_auto_type
    Feature record: CXX_FEATURE:0cxx_binary_literals
    Feature record: CXX_FEATURE:0cxx_constexpr
    Feature record: CXX_FEATURE:0cxx_contextual_conversions
    Feature record: CXX_FEATURE:0cxx_decltype
    Feature record: CXX_FEATURE:0cxx_decltype_auto
    Feature record: CXX_FEATURE:0cxx_decltype_incomplete_return_types
    Feature record: CXX_FEATURE:0cxx_default_function_template_args
    Feature record: CXX_FEATURE:0cxx_defaulted_functions
    Feature record: CXX_FEATURE:0cxx_defaulted_move_initializers
    Feature record: CXX_FEATURE:0cxx_delegating_constructors
    Feature record: CXX_FEATURE:0cxx_deleted_functions
    Feature record: CXX_FEATURE:0cxx_digit_separators
    Feature record: CXX_FEATURE:0cxx_enum_forward_declarations
    Feature record: CXX_FEATURE:0cxx_explicit_conversions
    Feature record: CXX_FEATURE:0cxx_extended_friend_declarations
    Feature record: CXX_FEATURE:0cxx_extern_templates
    Feature record: CXX_FEATURE:0cxx_final
    Feature record: CXX_FEATURE:0cxx_func_identifier
    Feature record: CXX_FEATURE:0cxx_generalized_initializers
    Feature record: CXX_FEATURE:0cxx_generic_lambdas
    Feature record: CXX_FEATURE:0cxx_inheriting_constructors
    Feature record: CXX_FEATURE:0cxx_inline_namespaces
    Feature record: CXX_FEATURE:0cxx_lambdas
    Feature record: CXX_FEATURE:0cxx_lambda_init_captures
    Feature record: CXX_FEATURE:0cxx_local_type_template_args
    Feature record: CXX_FEATURE:0cxx_long_long_type
    Feature record: CXX_FEATURE:0cxx_noexcept
    Feature record: CXX_FEATURE:0cxx_nonstatic_member_init
    Feature record: CXX_FEATURE:0cxx_nullptr
    Feature record: CXX_FEATURE:0cxx_override
    Feature record: CXX_FEATURE:0cxx_range_for
    Feature record: CXX_FEATURE:0cxx_raw_string_literals
    Feature record: CXX_FEATURE:0cxx_reference_qualified_functions
    Feature record: CXX_FEATURE:0cxx_relaxed_constexpr
    Feature record: CXX_FEATURE:0cxx_return_type_deduction
    Feature record: CXX_FEATURE:0cxx_right_angle_brackets
    Feature record: CXX_FEATURE:0cxx_rvalue_references
    Feature record: CXX_FEATURE:0cxx_sizeof_member
    Feature record: CXX_FEATURE:0cxx_static_assert
    Feature record: CXX_FEATURE:0cxx_strong_enums
    Feature record: CXX_FEATURE:1cxx_template_template_parameters
    Feature record: CXX_FEATURE:0cxx_thread_local
    Feature record: CXX_FEATURE:0cxx_trailing_return_types
    Feature record: CXX_FEATURE:0cxx_unicode_literals
    Feature record: CXX_FEATURE:0cxx_uniform_initialization
    Feature record: CXX_FEATURE:0cxx_unrestricted_unions
    Feature record: CXX_FEATURE:0cxx_user_literals
    Feature record: CXX_FEATURE:0cxx_variable_templates
    Feature record: CXX_FEATURE:0cxx_variadic_macros
    Feature record: CXX_FEATURE:0cxx_variadic_templates
Compiling the C compiler identification source file "CMakeCCompilerId.c" succeeded.
Compiler: /usr/bin/cc 
Build flags: 
Id flags: 

The output was:
0


Compilation of the C compiler identification source "CMakeCCompilerId.c" produced "a.out"

The C compiler identification is GNU, found in "/home/anders/Projects/chess_ann/cmake/build/CMakeFiles/3.7.2/CompilerIdC/a.out"

Determining if the C compiler works passed with the following output:
Change Dir: /home/anders/Projects/chess_ann/cmake/build/CMakeFiles/CMakeTmp

Run Build Command:"/usr/bin/make" "cmTC_57d03/fast"
/usr/bin/make -f CMakeFiles/cmTC_57d03.dir/build.make CMakeFiles/cmTC_57d03.dir/build
make[1]: Entering directory '/home/anders/Projects/chess_ann/cmake/build/CMakeFiles/CMakeTmp'
Building C object CMakeFiles/cmTC_57d03.dir/testCCompiler.c.o
/usr/bin/cc     -o CMakeFiles/cmTC_57d03.dir/testCCompiler.c.o   -c /home/anders/Projects/chess_ann/cmake/build/CMakeFiles/CMakeTmp/testCCompiler.c
Linking C executable cmTC_57d03
/usr/bin/cmake -E cmake_link_script CMakeFiles/cmTC_57d03.dir/link.txt --verbose=1
/usr/bin/cc       CMakeFiles/cmTC_57d03.dir/testCCompiler.c.o  -o cmTC_57d03 -rdynamic 
make[1]: Leaving directory '/home/anders/Projects/chess_ann/cmake/build/CMakeFiles/CMakeTmp'


Detecting C compiler ABI info compiled with the following output:
Change Dir: /home/anders/Projects/chess_ann/cmake/build/CMakeFiles/CMakeTmp

Run Build Command:"/usr/bin/make" "cmTC_c86f1/fast"
/usr/bin/make -f CMakeFiles/cmTC_c86f1.dir/build.make CMakeFiles/cmTC_c86f1.dir/build
make[1]: Entering directory '/home/anders/Projects/chess_ann/cmake/build/CMakeFiles/CMakeTmp'
Building C object CMakeFiles/cmTC_c86f1.dir/CMakeCCompilerABI.c.o
/usr/bin/cc     -o CMakeFiles/cmTC_c86f1.dir/CMakeCCompilerABI.c.o   -c /usr/share/cmake-3.7/Modules/CMakeCCompilerABI.c
Linking C executable cmTC_c86f1
/usr/bin/cmake -E cmake_link_script CMakeFiles/cmTC_c86f1.dir/link.txt --verbose=1
/usr/bin/cc      -v CMakeFiles/cmTC_c86f1.dir/CMakeCCompilerABI.c.o  -o cmTC_c86f1 -rdynamic  
Using built-in specs.
COLLECT_GCC=/usr/bin/cc
COLLECT_LTO_WRAPPER=/usr/lib/gcc/x86_64-pc-linux-gnu/6.3.1/lto-wrapper
Target: x86_64-pc-linux-gnu
Configured with: /build/gcc/src/gcc/configure --prefix=/usr --libdir=/usr/lib --libexecdir=/usr/lib --mandir=/usr/share/man --infodir=/usr/share/info --with-bugurl=https://bugs.archlinux.org/ --enable-languages=c,c++,ada,fortran,go,lto,objc,obj-c++ --enable-shared --enable-threads=posix --enable-libmpx --with-system-zlib --with-isl --enable-__cxa_atexit --disable-libunwind-exceptions --enable-clocale=gnu --disable-libstdcxx-pch --disable-libssp --enable-gnu-unique-object --enable-linker-build-id --enable-lto --enable-plugin --enable-install-libiberty --with-linker-hash-style=gnu --enable-gnu-indirect-function --disable-multilib --disable-werror --enable-checking=release
Thread model: posix
gcc version 6.3.1 20170109 (GCC) 
COMPILER_PATH=/usr/lib/gcc/x86_64-pc-linux-gnu/6.3.1/:/usr/lib/gcc/x86_64-pc-linux-gnu/6.3.1/:/usr/lib/gcc/x86_64-pc-linux-gnu/:/usr/lib/gcc/x86_64-pc-linux-gnu/6.3.1/:/usr/lib/gcc/x86_64-pc-linux-gnu/
LIBRARY_PATH=/usr/lib/gcc/x86_64-pc-linux-gnu/6.3.1/:/usr/lib/gcc/x86_64-pc-linux-gnu/6.3.1/../../../../lib/:/lib/../lib/:/usr/lib/../lib/:/usr/lib/gcc/x86_64-pc-linux-gnu/6.3.1/../../../:/lib/:/usr/lib/
COLLECT_GCC_OPTIONS='-v' '-o' 'cmTC_c86f1' '-rdynamic' '-mtune=generic' '-march=x86-64'
 /usr/lib/gcc/x86_64-pc-linux-gnu/6.3.1/collect2 -plugin /usr/lib/gcc/x86_64-pc-linux-gnu/6.3.1/liblto_plugin.so -plugin-opt=/usr/lib/gcc/x86_64-pc-linux-gnu/6.3.1/lto-wrapper -plugin-opt=-fresolution=/tmp/ccf1aXan.res -plugin-opt=-pass-through=-lgcc -plugin-opt=-pass-through=-lgcc_s -plugin-opt=-pass-through=-lc -plugin-opt=-pass-through=-lgcc -plugin-opt=-pass-through=-lgcc_s --build-id --eh-frame-hdr --hash-style=gnu -m elf_x86_64 -export-dynamic -dynamic-linker /lib64/ld-linux-x86-64.so.2 -o cmTC_c86f1 /usr/lib/gcc/x86_64-pc-linux-gnu/6.3.1/../../../../lib/crt1.o /usr/lib/gcc/x86_64-pc-linux-gnu/6.3.1/../../../../lib/crti.o /usr/lib/gcc/x86_64-pc-linux-gnu/6.3.1/crtbegin.o -L/usr/lib/gcc/x86_64-pc-linux-gnu/6.3.1 -L/usr/lib/gcc/x86_64-pc-linux-gnu/6.3.1/../../../../lib -L/lib/../lib -L/usr/lib/../lib -L/usr/lib/gcc/x86_64-pc-linux-gnu/6.3.1/../../.. CMakeFiles/cmTC_c86f1.dir/CMakeCCompilerABI.c.o -lgcc --as-needed -lgcc_s --no-as-needed -lc -lgcc --as-needed -lgcc_s --no-as-needed /usr/lib/gcc/x86_64-pc-linux-gnu/6.3.1/crtend.o /usr/lib/gcc/x86_64-pc-linux-gnu/6.3.1/../../../../lib/crtn.o
COLLECT_GCC_OPTIONS='-v' '-o' 'cmTC_c86f1' '-rdynamic' '-mtune=generic' '-march=x86-64'
make[1]: Leaving directory '/home/anders/Projects/chess_ann/cmake/build/CMakeFiles/CMakeTmp'


Parsed C implicit link information from above output:
  link line regex: [^( *|.*[/\])(ld|([^/\]+-)?ld|collect2)[^/\]*( |$)]
  ignore line: [Change Dir: /home/anders/Projects/chess_ann/cmake/build/CMakeFiles/CMakeTmp]
  ignore line: []
  ignore line: [Run Build Command:"/usr/bin/make" "cmTC_c86f1/fast"]
  ignore line: [/usr/bin/make -f CMakeFiles/cmTC_c86f1.dir/build.make CMakeFiles/cmTC_c86f1.dir/build]
  ignore line: [make[1]: Entering directory '/home/anders/Projects/chess_ann/cmake/build/CMakeFiles/CMakeTmp']
  ignore line: [Building C object CMakeFiles/cmTC_c86f1.dir/CMakeCCompilerABI.c.o]
  ignore line: [/usr/bin/cc     -o CMakeFiles/cmTC_c86f1.dir/CMakeCCompilerABI.c.o   -c /usr/share/cmake-3.7/Modules/CMakeCCompilerABI.c]
  ignore line: [Linking C executable cmTC_c86f1]
  ignore line: [/usr/bin/cmake -E cmake_link_script CMakeFiles/cmTC_c86f1.dir/link.txt --verbose=1]
  ignore line: [/usr/bin/cc      -v CMakeFiles/cmTC_c86f1.dir/CMakeCCompilerABI.c.o  -o cmTC_c86f1 -rdynamic  ]
  ignore line: [Using built-in specs.]
  ignore line: [COLLECT_GCC=/usr/bin/cc]
  ignore line: [COLLECT_LTO_WRAPPER=/usr/lib/gcc/x86_64-pc-linux-gnu/6.3.1/lto-wrapper]
  ignore line: [Target: x86_64-pc-linux-gnu]
  ignore line: [Configured with: /build/gcc/src/gcc/configure --prefix=/usr --libdir=/usr/lib --libexecdir=/usr/lib --mandir=/usr/share/man --infodir=/usr/share/info --with-bugurl=https://bugs.archlinux.org/ --enable-languages=c,c++,ada,fortran,go,lto,objc,obj-c++ --enable-shared --enable-threads=posix --enable-libmpx --with-system-zlib --with-isl --enable-__cxa_atexit --disable-libunwind-exceptions --enable-clocale=gnu --disable-libstdcxx-pch --disable-libssp --enable-gnu-unique-object --enable-linker-build-id --enable-lto --enable-plugin --enable-install-libiberty --with-linker-hash-style=gnu --enable-gnu-indirect-function --disable-multilib --disable-werror --enable-checking=release]
  ignore line: [Thread model: posix]
  ignore line: [gcc version 6.3.1 20170109 (GCC) ]
  ignore line: [COMPILER_PATH=/usr/lib/gcc/x86_64-pc-linux-gnu/6.3.1/:/usr/lib/gcc/x86_64-pc-linux-gnu/6.3.1/:/usr/lib/gcc/x86_64-pc-linux-gnu/:/usr/lib/gcc/x86_64-pc-linux-gnu/6.3.1/:/usr/lib/gcc/x86_64-pc-linux-gnu/]
  ignore line: [LIBRARY_PATH=/usr/lib/gcc/x86_64-pc-linux-gnu/6.3.1/:/usr/lib/gcc/x86_64-pc-linux-gnu/6.3.1/../../../../lib/:/lib/../lib/:/usr/lib/../lib/:/usr/lib/gcc/x86_64-pc-linux-gnu/6.3.1/../../../:/lib/:/usr/lib/]
  ignore line: [COLLECT_GCC_OPTIONS='-v' '-o' 'cmTC_c86f1' '-rdynamic' '-mtune=generic' '-march=x86-64']
  link line: [ /usr/lib/gcc/x86_64-pc-linux-gnu/6.3.1/collect2 -plugin /usr/lib/gcc/x86_64-pc-linux-gnu/6.3.1/liblto_plugin.so -plugin-opt=/usr/lib/gcc/x86_64-pc-linux-gnu/6.3.1/lto-wrapper -plugin-opt=-fresolution=/tmp/ccf1aXan.res -plugin-opt=-pass-through=-lgcc -plugin-opt=-pass-through=-lgcc_s -plugin-opt=-pass-through=-lc -plugin-opt=-pass-through=-lgcc -plugin-opt=-pass-through=-lgcc_s --build-id --eh-frame-hdr --hash-style=gnu -m elf_x86_64 -export-dynamic -dynamic-linker /lib64/ld-linux-x86-64.so.2 -o cmTC_c86f1 /usr/lib/gcc/x86_64-pc-linux-gnu/6.3.1/../../../../lib/crt1.o /usr/lib/gcc/x86_64-pc-linux-gnu/6.3.1/../../../../lib/crti.o /usr/lib/gcc/x86_64-pc-linux-gnu/6.3.1/crtbegin.o -L/usr/lib/gcc/x86_64-pc-linux-gnu/6.3.1 -L/usr/lib/gcc/x86_64-pc-linux-gnu/6.3.1/../../../../lib -L/lib/../lib -L/usr/lib/../lib -L/usr/lib/gcc/x86_64-pc-linux-gnu/6.3.1/../../.. CMakeFiles/cmTC_c86f1.dir/CMakeCCompilerABI.c.o -lgcc --as-needed -lgcc_s --no-as-needed -lc -lgcc --as-needed -lgcc_s --no-as-needed /usr/lib/gcc/x86_64-pc-linux-gnu/6.3.1/crtend.o /usr/lib/gcc/x86_64-pc-linux-gnu/6.3.1/../../../../lib/crtn.o]
    arg [/usr/lib/gcc/x86_64-pc-linux-gnu/6.3.1/collect2] ==> ignore
    arg [-plugin] ==> ignore
    arg [/usr/lib/gcc/x86_64-pc-linux-gnu/6.3.1/liblto_plugin.so] ==> ignore
    arg [-plugin-opt=/usr/lib/gcc/x86_64-pc-linux-gnu/6.3.1/lto-wrapper] ==> ignore
    arg [-plugin-opt=-fresolution=/tmp/ccf1aXan.res] ==> ignore
    arg [-plugin-opt=-pass-through=-lgcc] ==> ignore
    arg [-plugin-opt=-pass-through=-lgcc_s] ==> ignore
    arg [-plugin-opt=-pass-through=-lc] ==> ignore
    arg [-plugin-opt=-pass-through=-lgcc] ==> ignore
    arg [-plugin-opt=-pass-through=-lgcc_s] ==> ignore
    arg [--build-id] ==> ignore
    arg [--eh-frame-hdr] ==> ignore
    arg [--hash-style=gnu] ==> ignore
    arg [-m] ==> ignore
    arg [elf_x86_64] ==> ignore
    arg [-export-dynamic] ==> ignore
    arg [-dynamic-linker] ==> ignore
    arg [/lib64/ld-linux-x86-64.so.2] ==> ignore
    arg [-o] ==> ignore
    arg [cmTC_c86f1] ==> ignore
    arg [/usr/lib/gcc/x86_64-pc-linux-gnu/6.3.1/../../../../lib/crt1.o] ==> ignore
    arg [/usr/lib/gcc/x86_64-pc-linux-gnu/6.3.1/../../../../lib/crti.o] ==> ignore
    arg [/usr/lib/gcc/x86_64-pc-linux-gnu/6.3.1/crtbegin.o] ==> ignore
    arg [-L/usr/lib/gcc/x86_64-pc-linux-gnu/6.3.1] ==> dir [/usr/lib/gcc/x86_64-pc-linux-gnu/6.3.1]
    arg [-L/usr/lib/gcc/x86_64-pc-linux-gnu/6.3.1/../../../../lib] ==> dir [/usr/lib/gcc/x86_64-pc-linux-gnu/6.3.1/../../../../lib]
    arg [-L/lib/../lib] ==> dir [/lib/../lib]
    arg [-L/usr/lib/../lib] ==> dir [/usr/lib/../lib]
    arg [-L/usr/lib/gcc/x86_64-pc-linux-gnu/6.3.1/../../..] ==> dir [/usr/lib/gcc/x86_64-pc-linux-gnu/6.3.1/../../..]
    arg [CMakeFiles/cmTC_c86f1.dir/CMakeCCompilerABI.c.o] ==> ignore
    arg [-lgcc] ==> lib [gcc]
    arg [--as-needed] ==> ignore
    arg [-lgcc_s] ==> lib [gcc_s]
    arg [--no-as-needed] ==> ignore
    arg [-lc] ==> lib [c]
    arg [-lgcc] ==> lib [gcc]
    arg [--as-needed] ==> ignore
    arg [-lgcc_s] ==> lib [gcc_s]
    arg [--no-as-needed] ==> ignore
    arg [/usr/lib/gcc/x86_64-pc-linux-gnu/6.3.1/crtend.o] ==> ignore
    arg [/usr/lib/gcc/x86_64-pc-linux-gnu/6.3.1/../../../../lib/crtn.o] ==> ignore
  remove lib [gcc]
  remove lib [gcc_s]
  remove lib [gcc]
  remove lib [gcc_s]
  collapse library dir [/usr/lib/gcc/x86_64-pc-linux-gnu/6.3.1] ==> [/usr/lib/gcc/x86_64-pc-linux-gnu/6.3.1]
  collapse library dir [/usr/lib/gcc/x86_64-pc-linux-gnu/6.3.1/../../../../lib] ==> [/usr/lib]
  collapse library dir [/lib/../lib] ==> [/lib]
  collapse library dir [/usr/lib/../lib] ==> [/usr/lib]
  collapse library dir [/usr/lib/gcc/x86_64-pc-linux-gnu/6.3.1/../../..] ==> [/usr/lib]
  implicit libs: [c]
  implicit dirs: [/usr/lib/gcc/x86_64-pc-linux-gnu/6.3.1;/usr/lib;/lib]
  implicit fwks: []




Detecting C [-std=c11] compiler features compiled with the following output:
Change Dir: /home/anders/Projects/chess_ann/cmake/build/CMakeFiles/CMakeTmp

Run Build Command:"/usr/bin/make" "cmTC_53a5f/fast"
/usr/bin/make -f CMakeFiles/cmTC_53a5f.dir/build.make CMakeFiles/cmTC_53a5f.dir/build
make[1]: Entering directory '/home/anders/Projects/chess_ann/cmake/build/CMakeFiles/CMakeTmp'
Building C object CMakeFiles/cmTC_53a5f.dir/feature_tests.c.o
/usr/bin/cc    -std=c11 -o CMakeFiles/cmTC_53a5f.dir/feature_tests.c.o   -c /home/anders/Projects/chess_ann/cmake/build/CMakeFiles/feature_tests.c
Linking C executable cmTC_53a5f
/usr/bin/cmake -E cmake_link_script CMakeFiles/cmTC_53a5f.dir/link.txt --verbose=1
/usr/bin/cc       CMakeFiles/cmTC_53a5f.dir/feature_tests.c.o  -o cmTC_53a5f -rdynamic 
make[1]: Leaving directory '/home/anders/Projects/chess_ann/cmake/build/CMakeFiles/CMakeTmp'


    Feature record: C_FEATURE:1c_function_prototypes
    Feature record: C_FEATURE:1c_restrict
    Feature record: C_FEATURE:1c_static_assert
    Feature record: C_FEATURE:1c_variadic_macros


Detecting C [-std=c99] compiler features compiled with the following output:
Change Dir: /home/anders/Projects/chess_ann/cmake/build/CMakeFiles/CMakeTmp

Run Build Command:"/usr/bin/make" "cmTC_bc7d9/fast"
/usr/bin/make -f CMakeFiles/cmTC_bc7d9.dir/build.make CMakeFiles/cmTC_bc7d9.dir/build
make[1]: Entering directory '/home/anders/Projects/chess_ann/cmake/build/CMakeFiles/CMakeTmp'
Building C object CMakeFiles/cmTC_bc7d9.dir/feature_tests.c.o
/usr/bin/cc    -std=c99 -o CMakeFiles/cmTC_bc7d9.dir/feature_tests.c.o   -c /home/anders/Projects/chess_ann/cmake/build/CMakeFiles/feature_tests.c
Linking C executable cmTC_bc7d9
/usr/bin/cmake -E cmake_link_script CMakeFiles/cmTC_bc7d9.dir/link.txt --verbose=1
/usr/bin/cc       CMakeFiles/cmTC_bc7d9.dir/feature_tests.c.o  -o cmTC_bc7d9 -rdynamic 
make[1]: Leaving directory '/home/anders/Projects/chess_ann/cmake/build/CMakeFiles/CMakeTmp'


    Feature record: C_FEATURE:1c_function_prototypes
    Feature record: C_FEATURE:1c_restrict
    Feature record: C_FEATURE:0c_static_assert
    Feature record: C_FEATURE:1c_variadic_macros


Detecting C [-std=c90] compiler features compiled with the following output:
Change Dir: /home/anders/Projects/chess_ann/cmake/build/CMakeFiles/CMakeTmp

Run Build Command:"/usr/bin/make" "cmTC_ad22f/fast"
/usr/bin/make -f CMakeFiles/cmTC_ad22f.dir/build.make CMakeFiles/cmTC_ad22f.dir/build
make[1]: Entering directory '/home/anders/Projects/chess_ann/cmake/build/CMakeFiles/CMakeTmp'
Building C object CMakeFiles/cmTC_ad22f.dir/feature_tests.c.o
/usr/bin/cc    -std=c90 -o CMakeFiles/cmTC_ad22f.dir/feature_tests.c.o   -c /home/anders/Projects/chess_ann/cmake/build/CMakeFiles/feature_tests.c
Linking C executable cmTC_ad22f
/usr/bin/cmake -E cmake_link_script CMakeFiles/cmTC_ad22f.dir/link.txt --verbose=1
/usr/bin/cc       CMakeFiles/cmTC_ad22f.dir/feature_tests.c.o  -o cmTC_ad22f -rdynamic 
make[1]: Leaving directory '/home/anders/Projects/chess_ann/cmake/build/CMakeFiles/CMakeTmp'


    Feature record: C_FEATURE:1c_function_prototypes
    Feature record: C_FEATURE:0c_restrict
    Feature record: C_FEATURE:0c_static_assert
    Feature record: C_FEATURE:0c_variadic_macros
Performing C SOURCE FILE Test OpenMP_FLAG_DETECTED succeeded with the following output:
Change Dir: /home/anders/Projects/chess_ann/cmake/build/CMakeFiles/CMakeTmp

Run Build Command:"/usr/bin/make" "cmTC_a1a58/fast"
/usr/bin/make -f CMakeFiles/cmTC_a1a58.dir/build.make CMakeFiles/cmTC_a1a58.dir/build
make[1]: Entering directory '/home/anders/Projects/chess_ann/cmake/build/CMakeFiles/CMakeTmp'
Building C object CMakeFiles/cmTC_a1a58.dir/src.c.o
/usr/bin/cc    -DOpenMP_FLAG_DETECTED -fopenmp   -o CMakeFiles/cmTC_a1a58.dir/src.c.o   -c /home/anders/Projects/chess_ann/cmake/build/CMakeFiles/CMakeTmp/src.c
Linking C executable cmTC_a1a58
/usr/bin/cmake -E cmake_link_script CMakeFiles/cmTC_a1a58.dir/link.txt --verbose=1
/usr/bin/cc   -DOpenMP_FLAG_DETECTED -fopenmp    CMakeFiles/cmTC_a1a58.dir/src.c.o  -o cmTC_a1a58 -rdynamic 
make[1]: Leaving directory '/home/anders/Projects/chess_ann/cmake/build/CMakeFiles/CMakeTmp'

Source file was:

#include <omp.h>
int main() {
#ifdef _OPENMP
  return 0;
#else
  breaks_on_purpose
#endif
}

Performing C++ SOURCE FILE Test OpenMP_FLAG_DETECTED succeeded with the following output:
Change Dir: /home/anders/Projects/chess_ann/cmake/build/CMakeFiles/CMakeTmp

Run Build Command:"/usr/bin/make" "cmTC_71f9e/fast"
/usr/bin/make -f CMakeFiles/cmTC_71f9e.dir/build.make CMakeFiles/cmTC_71f9e.dir/build
make[1]: Entering directory '/home/anders/Projects/chess_ann/cmake/build/CMakeFiles/CMakeTmp'
Building CXX object CMakeFiles/cmTC_71f9e.dir/src.cxx.o
/usr/bin/c++     -DOpenMP_FLAG_DETECTED -fopenmp   -o CMakeFiles/cmTC_71f9e.dir/src.cxx.o -c /home/anders/Projects/chess_ann/cmake/build/CMakeFiles/CMakeTmp/src.cxx
Linking CXX executable cmTC_71f9e
/usr/bin/cmake -E cmake_link_script CMakeFiles/cmTC_71f9e.dir/link.txt --verbose=1
/usr/bin/c++    -DOpenMP_FLAG_DETECTED -fopenmp    CMakeFiles/cmTC_71f9e.dir/src.cxx.o  -o cmTC_71f9e -rdynamic 
make[1]: Leaving directory '/home/anders/Projects/chess_ann/cmake/build/CMakeFiles/CMakeTmp'

Source file was:

#include <omp.h>
int main() {
#ifdef _OPENMP
  return 0;
#else
  breaks_on_purpose
#endif
}

Determining if the include file pthread.h exists passed with the following output:
Change Dir: /home/anders/Projects/chess_ann/cmake/build/CMakeFiles/CMakeTmp

Run Build Command:"/usr/bin/make" "cmTC_e8305/fast"
/usr/bin/make -f CMakeFiles/cmTC_e8305.dir/build.make CMakeFiles/cmTC_e8305.dir/build
make[1]: Entering directory '/home/anders/Projects/chess_ann/cmake/build/CMakeFiles/CMakeTmp'
Building C object CMakeFiles/cmTC_e8305.dir/CheckIncludeFile.c.o
/usr/bin/cc     -o CMakeFiles/cmTC_e8305.dir/CheckIncludeFile.c.o   -c /home/anders/Projects/chess_ann/cmake/build/CMakeFiles/CMakeTmp/CheckIncludeFile.c
Linking C executable cmTC_e8305
/usr/bin/cmake -E cmake_link_script CMakeFiles/cmTC_e8305.dir/link.txt --verbose=1
/usr/bin/cc       CMakeFiles/cmTC_e8305.dir/CheckIncludeFile.c.o  -o cmTC_e8305 -rdynamic 
make[1]: Leaving directory '/home/anders/Projects/chess_ann/cmake/build/CMakeFiles/CMakeTmp'


Determining if the function pthread_create exists in the pthread passed with the following output:
Change Dir: /home/anders/Projects/chess_ann/cmake/build/CMakeFiles/CMakeTmp

Run Build Command:"/usr/bin/make" "cmTC_0679f/fast"
/usr/bin/make -f CMakeFiles/cmTC_0679f.dir/build.make CMakeFiles/cmTC_0679f.dir/build
make[1]: Entering directory '/home/anders/Projects/chess_ann/cmake/build/CMakeFiles/CMakeTmp'
Building C object CMakeFiles/cmTC_0679f.dir/CheckFunctionExists.c.o
/usr/bin/cc    -DCHECK_FUNCTION_EXISTS=pthread_create   -o CMakeFiles/cmTC_0679f.dir/CheckFunctionExists.c.o   -c /usr/share/cmake-3.7/Modules/CheckFunctionExists.c
Linking C executable cmTC_0679f
/usr/bin/cmake -E cmake_link_script CMakeFiles/cmTC_0679f.dir/link.txt --verbose=1
/usr/bin/cc   -DCHECK_FUNCTION_EXISTS=pthread_create    CMakeFiles/cmTC_0679f.dir/CheckFunctionExists.c.o  -o cmTC_0679f -rdynamic -lpthread 
make[1]: Leaving directory '/home/anders/Projects/chess_ann/cmake/build/CMakeFiles/CMakeTmp'


Performing C++ SOURCE FILE Test COMPILER_SUPPORTS_CXX14 succeeded with the following output:
Change Dir: /home/anders/Projects/chess_ann/cmake/build/CMakeFiles/CMakeTmp

Run Build Command:"/usr/bin/make" "cmTC_c384c/fast"
/usr/bin/make -f CMakeFiles/cmTC_c384c.dir/build.make CMakeFiles/cmTC_c384c.dir/build
make[1]: Entering directory '/home/anders/Projects/chess_ann/cmake/build/CMakeFiles/CMakeTmp'
Building CXX object CMakeFiles/cmTC_c384c.dir/src.cxx.o
/usr/bin/c++     -DCOMPILER_SUPPORTS_CXX14   -std=c++14 -o CMakeFiles/cmTC_c384c.dir/src.cxx.o -c /home/anders/Projects/chess_ann/cmake/build/CMakeFiles/CMakeTmp/src.cxx
Linking CXX executable cmTC_c384c
/usr/bin/cmake -E cmake_link_script CMakeFiles/cmTC_c384c.dir/link.txt --verbose=1
/usr/bin/c++    -DCOMPILER_SUPPORTS_CXX14    CMakeFiles/cmTC_c384c.dir/src.cxx.o  -o cmTC_c384c -rdynamic 
make[1]: Leaving directory '/home/anders/Projects/chess_ann/cmake/build/CMakeFiles/CMakeTmp'

Source file was:
int main() { return 0; }
Performing C++ SOURCE FILE Test COMPILER_SUPPORTS_CXX11 succeeded with the following output:
Change Dir: /home/anders/Projects/chess_ann/cmake/build/CMakeFiles/CMakeTmp

Run Build Command:"/usr/bin/make" "cmTC_f9f26/fast"
/usr/bin/make -f CMakeFiles/cmTC_f9f26.dir/build.make CMakeFiles/cmTC_f9f26.dir/build
make[1]: Entering directory '/home/anders/Projects/chess_ann/cmake/build/CMakeFiles/CMakeTmp'
Building CXX object CMakeFiles/cmTC_f9f26.dir/src.cxx.o
/usr/bin/c++     -DCOMPILER_SUPPORTS_CXX11   -std=c++11 -o CMakeFiles/cmTC_f9f26.dir/src.cxx.o -c /home/anders/Projects/chess_ann/cmake/build/CMakeFiles/CMakeTmp/src.cxx
Linking CXX executable cmTC_f9f26
/usr/bin/cmake -E cmake_link_script CMakeFiles/cmTC_f9f26.dir/link.txt --verbose=1
/usr/bin/c++    -DCOMPILER_SUPPORTS_CXX11    CMakeFiles/cmTC_f9f26.dir/src.cxx.o  -o cmTC_f9f26 -rdynamic 
make[1]: Leaving directory '/home/anders/Projects/chess_ann/cmake/build/CMakeFiles/CMakeTmp'

Source file was:
int main() { return 0; }
Performing C++ SOURCE FILE Test COMPILER_SUPPORTS_CXX0X succeeded with the following output:
Change Dir: /home/anders/Projects/chess_ann/cmake/build/CMakeFiles/CMakeTmp

Run Build Command:"/usr/bin/make" "cmTC_fc3d1/fast"
/usr/bin/make -f CMakeFiles/cmTC_fc3d1.dir/build.make CMakeFiles/cmTC_fc3d1.dir/build
make[1]: Entering directory '/home/anders/Projects/chess_ann/cmake/build/CMakeFiles/CMakeTmp'
Building CXX object CMakeFiles/cmTC_fc3d1.dir/src.cxx.o
/usr/bin/c++     -DCOMPILER_SUPPORTS_CXX0X   -std=c++0x -o CMakeFiles/cmTC_fc3d1.dir/src.cxx.o -c /home/anders/Projects/chess_ann/cmake/build/CMakeFiles/CMakeTmp/src.cxx
Linking CXX executable cmTC_fc3d1
/usr/bin/cmake -E cmake_link_script CMakeFiles/cmTC_fc3d1.dir/link.txt --verbose=1
/usr/bin/c++    -DCOMPILER_SUPPORTS_CXX0X    CMakeFiles/cmTC_fc3d1.dir/src.cxx.o  -o cmTC_fc3d1 -rdynamic 
make[1]: Leaving directory '/home/anders/Projects/chess_ann/cmake/build/CMakeFiles/CMakeTmp'

Source file was:
int main() { return 0; }
Performing C++ SOURCE FILE Test HAVE_CXX_FLAG_STD_CXX11 succeeded with the following output:
Change Dir: /home/anders/Projects/chess_ann/cmake/build/CMakeFiles/CMakeTmp

Run Build Command:"/usr/bin/make" "cmTC_5c9a3/fast"
/usr/bin/make -f CMakeFiles/cmTC_5c9a3.dir/build.make CMakeFiles/cmTC_5c9a3.dir/build
make[1]: Entering directory '/home/anders/Projects/chess_ann/cmake/build/CMakeFiles/CMakeTmp'
Building CXX object CMakeFiles/cmTC_5c9a3.dir/src.cxx.o
/usr/bin/c++     -DHAVE_CXX_FLAG_STD_CXX11  -std=c++11   -std=c++11 -o CMakeFiles/cmTC_5c9a3.dir/src.cxx.o -c /home/anders/Projects/chess_ann/cmake/build/CMakeFiles/CMakeTmp/src.cxx
Linking CXX executable cmTC_5c9a3
/usr/bin/cmake -E cmake_link_script CMakeFiles/cmTC_5c9a3.dir/link.txt --verbose=1
/usr/bin/c++    -DHAVE_CXX_FLAG_STD_CXX11  -std=c++11    CMakeFiles/cmTC_5c9a3.dir/src.cxx.o  -o cmTC_5c9a3 -rdynamic 
make[1]: Leaving directory '/home/anders/Projects/chess_ann/cmake/build/CMakeFiles/CMakeTmp'

Source file was:
int main() { return 0; }
Performing C++ SOURCE FILE Test HAVE_CXX_FLAG_WALL succeeded with the following output:
Change Dir: /home/anders/Projects/chess_ann/cmake/build/CMakeFiles/CMakeTmp

Run Build Command:"/usr/bin/make" "cmTC_eb093/fast"
/usr/bin/make -f CMakeFiles/cmTC_eb093.dir/build.make CMakeFiles/cmTC_eb093.dir/build
make[1]: Entering directory '/home/anders/Projects/chess_ann/cmake/build/CMakeFiles/CMakeTmp'
Building CXX object CMakeFiles/cmTC_eb093.dir/src.cxx.o
/usr/bin/c++     -std=c++11 -DHAVE_CXX_FLAG_WALL  -Wall   -Wall -o CMakeFiles/cmTC_eb093.dir/src.cxx.o -c /home/anders/Projects/chess_ann/cmake/build/CMakeFiles/CMakeTmp/src.cxx
Linking CXX executable cmTC_eb093
/usr/bin/cmake -E cmake_link_script CMakeFiles/cmTC_eb093.dir/link.txt --verbose=1
/usr/bin/c++    -std=c++11 -DHAVE_CXX_FLAG_WALL  -Wall    CMakeFiles/cmTC_eb093.dir/src.cxx.o  -o cmTC_eb093 -rdynamic 
make[1]: Leaving directory '/home/anders/Projects/chess_ann/cmake/build/CMakeFiles/CMakeTmp'

Source file was:
int main() { return 0; }
Performing C++ SOURCE FILE Test HAVE_CXX_FLAG_WEXTRA succeeded with the following output:
Change Dir: /home/anders/Projects/chess_ann/cmake/build/CMakeFiles/CMakeTmp

Run Build Command:"/usr/bin/make" "cmTC_eae2c/fast"
/usr/bin/make -f CMakeFiles/cmTC_eae2c.dir/build.make CMakeFiles/cmTC_eae2c.dir/build
make[1]: Entering directory '/home/anders/Projects/chess_ann/cmake/build/CMakeFiles/CMakeTmp'
Building CXX object CMakeFiles/cmTC_eae2c.dir/src.cxx.o
/usr/bin/c++     -std=c++11 -Wall -DHAVE_CXX_FLAG_WEXTRA  -Wextra   -Wextra -o CMakeFiles/cmTC_eae2c.dir/src.cxx.o -c /home/anders/Projects/chess_ann/cmake/build/CMakeFiles/CMakeTmp/src.cxx
Linking CXX executable cmTC_eae2c
/usr/bin/cmake -E cmake_link_script CMakeFiles/cmTC_eae2c.dir/link.txt --verbose=1
/usr/bin/c++    -std=c++11 -Wall -DHAVE_CXX_FLAG_WEXTRA  -Wextra    CMakeFiles/cmTC_eae2c.dir/src.cxx.o  -o cmTC_eae2c -rdynamic 
make[1]: Leaving directory '/home/anders/Projects/chess_ann/cmake/build/CMakeFiles/CMakeTmp'

Source file was:
int main() { return 0; }
Performing C++ SOURCE FILE Test HAVE_CXX_FLAG_WSHADOW succeeded with the following output:
Change Dir: /home/anders/Projects/chess_ann/cmake/build/CMakeFiles/CMakeTmp

Run Build Command:"/usr/bin/make" "cmTC_738c9/fast"
/usr/bin/make -f CMakeFiles/cmTC_738c9.dir/build.make CMakeFiles/cmTC_738c9.dir/build
make[1]: Entering directory '/home/anders/Projects/chess_ann/cmake/build/CMakeFiles/CMakeTmp'
Building CXX object CMakeFiles/cmTC_738c9.dir/src.cxx.o
/usr/bin/c++     -std=c++11 -Wall -Wextra -DHAVE_CXX_FLAG_WSHADOW  -Wshadow   -Wshadow -o CMakeFiles/cmTC_738c9.dir/src.cxx.o -c /home/anders/Projects/chess_ann/cmake/build/CMakeFiles/CMakeTmp/src.cxx
Linking CXX executable cmTC_738c9
/usr/bin/cmake -E cmake_link_script CMakeFiles/cmTC_738c9.dir/link.txt --verbose=1
/usr/bin/c++    -std=c++11 -Wall -Wextra -DHAVE_CXX_FLAG_WSHADOW  -Wshadow    CMakeFiles/cmTC_738c9.dir/src.cxx.o  -o cmTC_738c9 -rdynamic 
make[1]: Leaving directory '/home/anders/Projects/chess_ann/cmake/build/CMakeFiles/CMakeTmp'

Source file was:
int main() { return 0; }
Performing C++ SOURCE FILE Test HAVE_CXX_FLAG_WERROR succeeded with the following output:
Change Dir: /home/anders/Projects/chess_ann/cmake/build/CMakeFiles/CMakeTmp

Run Build Command:"/usr/bin/make" "cmTC_8ee1f/fast"
/usr/bin/make -f CMakeFiles/cmTC_8ee1f.dir/build.make CMakeFiles/cmTC_8ee1f.dir/build
make[1]: Entering directory '/home/anders/Projects/chess_ann/cmake/build/CMakeFiles/CMakeTmp'
Building CXX object CMakeFiles/cmTC_8ee1f.dir/src.cxx.o
/usr/bin/c++     -std=c++11 -Wall -Wextra -Wshadow -DHAVE_CXX_FLAG_WERROR  -Werror   -Werror -o CMakeFiles/cmTC_8ee1f.dir/src.cxx.o -c /home/anders/Projects/chess_ann/cmake/build/CMakeFiles/CMakeTmp/src.cxx
Linking CXX executable cmTC_8ee1f
/usr/bin/cmake -E cmake_link_script CMakeFiles/cmTC_8ee1f.dir/link.txt --verbose=1
/usr/bin/c++    -std=c++11 -Wall -Wextra -Wshadow -DHAVE_CXX_FLAG_WERROR  -Werror    CMakeFiles/cmTC_8ee1f.dir/src.cxx.o  -o cmTC_8ee1f -rdynamic 
make[1]: Leaving directory '/home/anders/Projects/chess_ann/cmake/build/CMakeFiles/CMakeTmp'

Source file was:
int main() { return 0; }
Performing C++ SOURCE FILE Test HAVE_CXX_FLAG_PEDANTIC succeeded with the following output:
Change Dir: /home/anders/Projects/chess_ann/cmake/build/CMakeFiles/CMakeTmp

Run Build Command:"/usr/bin/make" "cmTC_b5835/fast"
/usr/bin/make -f CMakeFiles/cmTC_b5835.dir/build.make CMakeFiles/cmTC_b5835.dir/build
make[1]: Entering directory '/home/anders/Projects/chess_ann/cmake/build/CMakeFiles/CMakeTmp'
Building CXX object CMakeFiles/cmTC_b5835.dir/src.cxx.o
/usr/bin/c++     -std=c++11 -Wall -Wextra -Wshadow -DHAVE_CXX_FLAG_PEDANTIC  -pedantic   -pedantic -o CMakeFiles/cmTC_b5835.dir/src.cxx.o -c /home/anders/Projects/chess_ann/cmake/build/CMakeFiles/CMakeTmp/src.cxx
Linking CXX executable cmTC_b5835
/usr/bin/cmake -E cmake_link_script CMakeFiles/cmTC_b5835.dir/link.txt --verbose=1
/usr/bin/c++    -std=c++11 -Wall -Wextra -Wshadow -DHAVE_CXX_FLAG_PEDANTIC  -pedantic    CMakeFiles/cmTC_b5835.dir/src.cxx.o  -o cmTC_b5835 -rdynamic 
make[1]: Leaving directory '/home/anders/Projects/chess_ann/cmake/build/CMakeFiles/CMakeTmp'

Source file was:
int main() { return 0; }
Performing C++ SOURCE FILE Test HAVE_CXX_FLAG_PEDANTIC_ERRORS succeeded with the following output:
Change Dir: /home/anders/Projects/chess_ann/cmake/build/CMakeFiles/CMakeTmp

Run Build Command:"/usr/bin/make" "cmTC_64d09/fast"
/usr/bin/make -f CMakeFiles/cmTC_64d09.dir/build.make CMakeFiles/cmTC_64d09.dir/build
make[1]: Entering directory '/home/anders/Projects/chess_ann/cmake/build/CMakeFiles/CMakeTmp'
Building CXX object CMakeFiles/cmTC_64d09.dir/src.cxx.o
/usr/bin/c++     -std=c++11 -Wall -Wextra -Wshadow -pedantic -DHAVE_CXX_FLAG_PEDANTIC_ERRORS  -pedantic-errors   -pedantic-errors -o CMakeFiles/cmTC_64d09.dir/src.cxx.o -c /home/anders/Projects/chess_ann/cmake/build/CMakeFiles/CMakeTmp/src.cxx
Linking CXX executable cmTC_64d09
/usr/bin/cmake -E cmake_link_script CMakeFiles/cmTC_64d09.dir/link.txt --verbose=1
/usr/bin/c++    -std=c++11 -Wall -Wextra -Wshadow -pedantic -DHAVE_CXX_FLAG_PEDANTIC_ERRORS  -pedantic-errors    CMakeFiles/cmTC_64d09.dir/src.cxx.o  -o cmTC_64d09 -rdynamic 
make[1]: Leaving directory '/home/anders/Projects/chess_ann/cmake/build/CMakeFiles/CMakeTmp'

Source file was:
int main() { return 0; }
Performing C++ SOURCE FILE Test HAVE_CXX_FLAG_WFLOAT_EQUAL succeeded with the following output:
Change Dir: /home/anders/Projects/chess_ann/cmake/build/CMakeFiles/CMakeTmp

Run Build Command:"/usr/bin/make" "cmTC_be4db/fast"
/usr/bin/make -f CMakeFiles/cmTC_be4db.dir/build.make CMakeFiles/cmTC_be4db.dir/build
make[1]: Entering directory '/home/anders/Projects/chess_ann/cmake/build/CMakeFiles/CMakeTmp'
Building CXX object CMakeFiles/cmTC_be4db.dir/src.cxx.o
/usr/bin/c++     -std=c++11 -Wall -Wextra -Wshadow -pedantic -pedantic-errors -DHAVE_CXX_FLAG_WFLOAT_EQUAL  -Wfloat-equal   -Wfloat-equal -o CMakeFiles/cmTC_be4db.dir/src.cxx.o -c /home/anders/Projects/chess_ann/cmake/build/CMakeFiles/CMakeTmp/src.cxx
Linking CXX executable cmTC_be4db
/usr/bin/cmake -E cmake_link_script CMakeFiles/cmTC_be4db.dir/link.txt --verbose=1
/usr/bin/c++    -std=c++11 -Wall -Wextra -Wshadow -pedantic -pedantic-errors -DHAVE_CXX_FLAG_WFLOAT_EQUAL  -Wfloat-equal    CMakeFiles/cmTC_be4db.dir/src.cxx.o  -o cmTC_be4db -rdynamic 
make[1]: Leaving directory '/home/anders/Projects/chess_ann/cmake/build/CMakeFiles/CMakeTmp'

Source file was:
int main() { return 0; }
Performing C++ SOURCE FILE Test HAVE_CXX_FLAG_FSTRICT_ALIASING succeeded with the following output:
Change Dir: /home/anders/Projects/chess_ann/cmake/build/CMakeFiles/CMakeTmp

Run Build Command:"/usr/bin/make" "cmTC_ef0e5/fast"
/usr/bin/make -f CMakeFiles/cmTC_ef0e5.dir/build.make CMakeFiles/cmTC_ef0e5.dir/build
make[1]: Entering directory '/home/anders/Projects/chess_ann/cmake/build/CMakeFiles/CMakeTmp'
Building CXX object CMakeFiles/cmTC_ef0e5.dir/src.cxx.o
/usr/bin/c++     -std=c++11 -Wall -Wextra -Wshadow -pedantic -pedantic-errors -Wfloat-equal -DHAVE_CXX_FLAG_FSTRICT_ALIASING  -fstrict-aliasing   -fstrict-aliasing -o CMakeFiles/cmTC_ef0e5.dir/src.cxx.o -c /home/anders/Projects/chess_ann/cmake/build/CMakeFiles/CMakeTmp/src.cxx
Linking CXX executable cmTC_ef0e5
/usr/bin/cmake -E cmake_link_script CMakeFiles/cmTC_ef0e5.dir/link.txt --verbose=1
/usr/bin/c++    -std=c++11 -Wall -Wextra -Wshadow -pedantic -pedantic-errors -Wfloat-equal -DHAVE_CXX_FLAG_FSTRICT_ALIASING  -fstrict-aliasing    CMakeFiles/cmTC_ef0e5.dir/src.cxx.o  -o cmTC_ef0e5 -rdynamic 
make[1]: Leaving directory '/home/anders/Projects/chess_ann/cmake/build/CMakeFiles/CMakeTmp'

Source file was:
int main() { return 0; }
Performing C++ SOURCE FILE Test HAVE_CXX_FLAG_WZERO_AS_NULL_POINTER_CONSTANT succeeded with the following output:
Change Dir: /home/anders/Projects/chess_ann/cmake/build/CMakeFiles/CMakeTmp

Run Build Command:"/usr/bin/make" "cmTC_8dd66/fast"
/usr/bin/make -f CMakeFiles/cmTC_8dd66.dir/build.make CMakeFiles/cmTC_8dd66.dir/build
make[1]: Entering directory '/home/anders/Projects/chess_ann/cmake/build/CMakeFiles/CMakeTmp'
Building CXX object CMakeFiles/cmTC_8dd66.dir/src.cxx.o
/usr/bin/c++     -std=c++11 -Wall -Wextra -Wshadow -pedantic -pedantic-errors -Wfloat-equal -fstrict-aliasing -DHAVE_CXX_FLAG_WZERO_AS_NULL_POINTER_CONSTANT  -Wzero-as-null-pointer-constant   -Wzero-as-null-pointer-constant -o CMakeFiles/cmTC_8dd66.dir/src.cxx.o -c /home/anders/Projects/chess_ann/cmake/build/CMakeFiles/CMakeTmp/src.cxx
Linking CXX executable cmTC_8dd66
/usr/bin/cmake -E cmake_link_script CMakeFiles/cmTC_8dd66.dir/link.txt --verbose=1
/usr/bin/c++    -std=c++11 -Wall -Wextra -Wshadow -pedantic -pedantic-errors -Wfloat-equal -fstrict-aliasing -DHAVE_CXX_FLAG_WZERO_AS_NULL_POINTER_CONSTANT  -Wzero-as-null-pointer-constant    CMakeFiles/cmTC_8dd66.dir/src.cxx.o  -o cmTC_8dd66 -rdynamic 
make[1]: Leaving directory '/home/anders/Projects/chess_ann/cmake/build/CMakeFiles/CMakeTmp'

Source file was:
int main() { return 0; }
Performing C++ SOURCE FILE Test HAVE_CXX_FLAG_WSTRICT_ALIASING succeeded with the following output:
Change Dir: /home/anders/Projects/chess_ann/cmake/build/CMakeFiles/CMakeTmp

Run Build Command:"/usr/bin/make" "cmTC_8a975/fast"
/usr/bin/make -f CMakeFiles/cmTC_8a975.dir/build.make CMakeFiles/cmTC_8a975.dir/build
make[1]: Entering directory '/home/anders/Projects/chess_ann/cmake/build/CMakeFiles/CMakeTmp'
Building CXX object CMakeFiles/cmTC_8a975.dir/src.cxx.o
/usr/bin/c++     -std=c++11 -Wall -Wextra -Wshadow -pedantic -pedantic-errors -Wfloat-equal -fstrict-aliasing -Wzero-as-null-pointer-constant -DHAVE_CXX_FLAG_WSTRICT_ALIASING  -Wstrict-aliasing   -Wstrict-aliasing -o CMakeFiles/cmTC_8a975.dir/src.cxx.o -c /home/anders/Projects/chess_ann/cmake/build/CMakeFiles/CMakeTmp/src.cxx
Linking CXX executable cmTC_8a975
/usr/bin/cmake -E cmake_link_script CMakeFiles/cmTC_8a975.dir/link.txt --verbose=1
/usr/bin/c++    -std=c++11 -Wall -Wextra -Wshadow -pedantic -pedantic-errors -Wfloat-equal -fstrict-aliasing -Wzero-as-null-pointer-constant -DHAVE_CXX_FLAG_WSTRICT_ALIASING  -Wstrict-aliasing    CMakeFiles/cmTC_8a975.dir/src.cxx.o  -o cmTC_8a975 -rdynamic 
make[1]: Leaving directory '/home/anders/Projects/chess_ann/cmake/build/CMakeFiles/CMakeTmp'

Source file was:
int main() { return 0; }
Performing C++ SOURCE FILE Test HAVE_CXX_FLAG_COVERAGE succeeded with the following output:
Change Dir: /home/anders/Projects/chess_ann/cmake/build/CMakeFiles/CMakeTmp

Run Build Command:"/usr/bin/make" "cmTC_52799/fast"
/usr/bin/make -f CMakeFiles/cmTC_52799.dir/build.make CMakeFiles/cmTC_52799.dir/build
make[1]: Entering directory '/home/anders/Projects/chess_ann/cmake/build/CMakeFiles/CMakeTmp'
Building CXX object CMakeFiles/cmTC_52799.dir/src.cxx.o
/usr/bin/c++     -std=c++11 -Wall -Wextra -Wshadow -pedantic -pedantic-errors -Wfloat-equal -fstrict-aliasing -Wzero-as-null-pointer-constant -Wstrict-aliasing -DHAVE_CXX_FLAG_COVERAGE  --coverage   --coverage -o CMakeFiles/cmTC_52799.dir/src.cxx.o -c /home/anders/Projects/chess_ann/cmake/build/CMakeFiles/CMakeTmp/src.cxx
Linking CXX executable cmTC_52799
/usr/bin/cmake -E cmake_link_script CMakeFiles/cmTC_52799.dir/link.txt --verbose=1
/usr/bin/c++    -std=c++11 -Wall -Wextra -Wshadow -pedantic -pedantic-errors -Wfloat-equal -fstrict-aliasing -Wzero-as-null-pointer-constant -Wstrict-aliasing -DHAVE_CXX_FLAG_COVERAGE  --coverage    CMakeFiles/cmTC_52799.dir/src.cxx.o  -o cmTC_52799 -rdynamic 
make[1]: Leaving directory '/home/anders/Projects/chess_ann/cmake/build/CMakeFiles/CMakeTmp'

Source file was:
int main() { return 0; }
Performing C++ SOURCE FILE Test BENCHMARK_HAS_CXX03_FLAG succeeded with the following output:
Change Dir: /home/anders/Projects/chess_ann/cmake/build/CMakeFiles/CMakeTmp

Run Build Command:"/usr/bin/make" "cmTC_69762/fast"
/usr/bin/make -f CMakeFiles/cmTC_69762.dir/build.make CMakeFiles/cmTC_69762.dir/build
make[1]: Entering directory '/home/anders/Projects/chess_ann/cmake/build/CMakeFiles/CMakeTmp'
Building CXX object CMakeFiles/cmTC_69762.dir/src.cxx.o
/usr/bin/c++     -std=c++11 -Wall -Wextra -Wshadow -pedantic -pedantic-errors -Wfloat-equal -fstrict-aliasing -Wzero-as-null-pointer-constant -Wstrict-aliasing -DBENCHMARK_HAS_CXX03_FLAG   -std=c++03 -o CMakeFiles/cmTC_69762.dir/src.cxx.o -c /home/anders/Projects/chess_ann/cmake/build/CMakeFiles/CMakeTmp/src.cxx
Linking CXX executable cmTC_69762
/usr/bin/cmake -E cmake_link_script CMakeFiles/cmTC_69762.dir/link.txt --verbose=1
/usr/bin/c++    -std=c++11 -Wall -Wextra -Wshadow -pedantic -pedantic-errors -Wfloat-equal -fstrict-aliasing -Wzero-as-null-pointer-constant -Wstrict-aliasing -DBENCHMARK_HAS_CXX03_FLAG    CMakeFiles/cmTC_69762.dir/src.cxx.o  -o cmTC_69762 -rdynamic 
make[1]: Leaving directory '/home/anders/Projects/chess_ann/cmake/build/CMakeFiles/CMakeTmp'

Source file was:
int main() { return 0; }
